<?xml version="1.0" encoding="UTF-8"?>
<testng-results ignored="0" total="1" passed="1" failed="0" skipped="0">
  <reporter-output>
  </reporter-output>
  <suite started-at="2022-08-06T05:55:48Z" name="com.restassured.tests.TestPOST" finished-at="2022-08-06T05:55:52Z" duration-ms="4054">
    <groups>
    </groups>
    <test started-at="2022-08-06T05:55:48Z" name="Command line test" finished-at="2022-08-06T05:55:52Z" duration-ms="4054">
      <class name="com.restassured.tests.TestPOST">
        <test-method signature="validatePostResponse(org.json.simple.JSONObject)[pri:0, instance:com.restassured.tests.TestPOST@6580cfdd]" started-at="2022-08-06T05:55:48Z" name="validatePostResponse" data-provider="resourceData" finished-at="2022-08-06T05:55:52Z" duration-ms="3533" status="PASS">
          <params>
            <param index="0">
              <value>
                <![CDATA[{"title":"foo","body":"bar","userid":"1"}]]>
              </value>
            </param>
          </params>
          <reporter-output>
          </reporter-output>
        </test-method> <!-- validatePostResponse -->
      </class> <!-- com.restassured.tests.TestPOST -->
    </test> <!-- Command line test -->
  </suite> <!-- com.restassured.tests.TestPOST -->
</testng-results>
