<?xml version="1.0" encoding="UTF-8"?>
<testng-results ignored="0" total="0" passed="0" failed="0" skipped="0">
  <reporter-output>
  </reporter-output>
  <suite started-at="2022-08-04T15:05:26Z" name="com.restassured.tests.TestPOST" finished-at="2022-08-04T15:05:26Z" duration-ms="2">
    <groups>
    </groups>
    <test started-at="2022-08-04T15:05:26Z" name="Command line test" finished-at="2022-08-04T15:05:26Z" duration-ms="2">
    </test> <!-- Command line test -->
  </suite> <!-- com.restassured.tests.TestPOST -->
</testng-results>
