<?xml version="1.0" encoding="UTF-8"?>
<testng-results ignored="0" total="1" passed="1" failed="0" skipped="0">
  <reporter-output>
  </reporter-output>
  <suite started-at="2022-08-07T07:26:25Z" name="Default suite" finished-at="2022-08-07T07:26:28Z" duration-ms="3044">
    <groups>
    </groups>
    <test started-at="2022-08-07T07:26:25Z" name="Default test" finished-at="2022-08-07T07:26:28Z" duration-ms="3044">
      <class name="com.restassured.tests.JSONPlaceholderPostTest">
        <test-method signature="postTest()[pri:0, instance:com.restassured.tests.JSONPlaceholderPostTest@5717c37]" started-at="2022-08-07T07:26:25Z" name="postTest" finished-at="2022-08-07T07:26:28Z" duration-ms="3024" status="PASS">
          <reporter-output>
          </reporter-output>
        </test-method> <!-- postTest -->
      </class> <!-- com.restassured.tests.JSONPlaceholderPostTest -->
    </test> <!-- Default test -->
  </suite> <!-- Default suite -->
</testng-results>
