<?xml version="1.0" encoding="UTF-8"?>
<!-- Generated by org.testng.reporters.JUnitXMLReporter -->
<testsuite ignored="0" hostname="DESKTOP-7KBB9M5" failures="1" tests="1" name="Test" time="2.26" errors="0" timestamp="07 Aug 2022 09:15:50 GMT">
  <testcase classname="com.restassured.tests.JSONPlaceholderPostTest" name="postTest" time="2.241">
    <failure type="junit.framework.AssertionFailedError" message="expected:&amp;lt;201&amp;gt; but was:&amp;lt;2000&amp;gt;">
      <![CDATA[junit.framework.AssertionFailedError: expected:<201> but was:<2000>
at junit.framework.Assert.fail(Assert.java:50)
at junit.framework.Assert.failNotEquals(Assert.java:287)
at junit.framework.Assert.assertEquals(Assert.java:67)
at junit.framework.Assert.assertEquals(Assert.java:199)
at junit.framework.Assert.assertEquals(Assert.java:205)
at com.restassured.tests.JSONPlaceholderPostTest.postTest(JSONPlaceholderPostTest.java:33)
... Removed 25 stack frames]]>
    </failure>
  </testcase> <!-- postTest -->
</testsuite> <!-- Test -->
